<?xml version="1.0" encoding="UTF-8"?>
<!-- Generated by org.testng.reporters.JUnitXMLReporter -->
<testsuite ignored="2" hostname="LAPTOP-NR2IR3B4" failures="0" tests="1" name="Default test" time="11.738" errors="0" timestamp="2025-07-26T23:49:05 IST">
  <testcase classname="com.kumari.Test.TC02VerifyEarrringSection" name="getsubmenuUnderShopByStyle" time="1.405"/>
  <testcase classname="com.kumari.Test.TC02VerifyEarrringSection" name="verifyearrringInTopNavBar" time="0.0">
    <ignored/>
  </testcase> <!-- verifyearrringInTopNavBar -->
  <testcase classname="com.kumari.Test.TC02VerifyEarrringSection" name="launchWebsite" time="0.0">
    <ignored/>
  </testcase> <!-- launchWebsite -->
</testsuite> <!-- Default test -->
