<?xml version="1.0" encoding="UTF-8"?>
<testng-results ignored="0" total="1" passed="1" failed="0" skipped="0">
  <reporter-output>
  </reporter-output>
  <suite started-at="2025-07-16T22:47:38 IST" name="Default suite" finished-at="2025-07-16T22:47:42 IST" duration-ms="4417">
    <groups>
    </groups>
    <test started-at="2025-07-16T22:47:38 IST" name="Default test" finished-at="2025-07-16T22:47:42 IST" duration-ms="4417">
      <class name="littlestation.Tc01HomePage">
        <test-method signature="launchApplciation()[pri:0, instance:littlestation.Tc01HomePage@408d971b]" started-at="2025-07-16T22:47:38 IST" name="launchApplciation" finished-at="2025-07-16T22:47:42 IST" duration-ms="4371" status="PASS">
          <reporter-output>
          </reporter-output>
        </test-method> <!-- launchApplciation -->
      </class> <!-- littlestation.Tc01HomePage -->
    </test> <!-- Default test -->
  </suite> <!-- Default suite -->
</testng-results>
